...found 9 targets...
...updating 4 targets...
gcc.compile.c++ libs/config/checks/architecture/bin/gcc-12/debug/32.o
libs/config/checks/architecture/32.cpp:9:36: error: narrowing conversion of ‘-1’ from ‘int’ to ‘long unsigned int’ [-Wnarrowing]
    9 | int test[sizeof(void*) == 4? 1 : -1];
      |                                    ^
libs/config/checks/architecture/32.cpp:9:28: error: size ‘-1’ of array ‘test’ is negative
    9 | int test[sizeof(void*) == 4? 1 : -1];
      |          ~~~~~~~~~~~~~~~~~~^~~~~~~~

    "g++"   -fPIC -O0 -fno-inline -Wall -g  -DBOOST_ERROR_CODE_HEADER_ONLY -DBOOST_LOG_USE_NATIVE_SYSLOG    -c -o "libs/config/checks/architecture/bin/gcc-12/debug/32.o" "libs/config/checks/architecture/32.cpp"

...failed gcc.compile.c++ libs/config/checks/architecture/bin/gcc-12/debug/32.o...
...failed updating 1 target...
...updated 3 targets...
...found 2 targets...
...updating 1 target...
gcc.compile.c++ libs/config/checks/architecture/bin/gcc-12/debug/64.o
...updated 1 target...
...found 2 targets...
...updating 1 target...
gcc.compile.c++ libs/config/checks/architecture/bin/gcc-12/debug/arm.o
libs/config/checks/architecture/arm.cpp:13:2: error: #error "Not ARM"
   13 | #error "Not ARM"
      |  ^~~~~

    "g++"   -fPIC -O0 -fno-inline -Wall -g  -DBOOST_ERROR_CODE_HEADER_ONLY -DBOOST_LOG_USE_NATIVE_SYSLOG    -c -o "libs/config/checks/architecture/bin/gcc-12/debug/arm.o" "libs/config/checks/architecture/arm.cpp"

...failed gcc.compile.c++ libs/config/checks/architecture/bin/gcc-12/debug/arm.o...
...failed updating 1 target...
...found 2 targets...
...updating 1 target...
gcc.compile.c++ libs/config/checks/architecture/bin/gcc-12/debug/mips1.o
libs/config/checks/architecture/mips1.cpp:10:2: error: #error "Not MIPS1"
   10 | #error "Not MIPS1"
      |  ^~~~~

    "g++"   -fPIC -O0 -fno-inline -Wall -g  -DBOOST_ERROR_CODE_HEADER_ONLY -DBOOST_LOG_USE_NATIVE_SYSLOG    -c -o "libs/config/checks/architecture/bin/gcc-12/debug/mips1.o" "libs/config/checks/architecture/mips1.cpp"

...failed gcc.compile.c++ libs/config/checks/architecture/bin/gcc-12/debug/mips1.o...
...failed updating 1 target...
...found 2 targets...
...updating 1 target...
gcc.compile.c++ libs/config/checks/architecture/bin/gcc-12/debug/power.o
libs/config/checks/architecture/power.cpp:13:2: error: #error "Not PPC"
   13 | #error "Not PPC"
      |  ^~~~~

    "g++"   -fPIC -O0 -fno-inline -Wall -g  -DBOOST_ERROR_CODE_HEADER_ONLY -DBOOST_LOG_USE_NATIVE_SYSLOG    -c -o "libs/config/checks/architecture/bin/gcc-12/debug/power.o" "libs/config/checks/architecture/power.cpp"

...failed gcc.compile.c++ libs/config/checks/architecture/bin/gcc-12/debug/power.o...
...failed updating 1 target...
...found 2 targets...
...updating 1 target...
gcc.compile.c++ libs/config/checks/architecture/bin/gcc-12/debug/riscv.o
libs/config/checks/architecture/riscv.cpp:9:2: error: #error "Not RISC-V"
    9 | #error "Not RISC-V"
      |  ^~~~~

    "g++"   -fPIC -O0 -fno-inline -Wall -g  -DBOOST_ERROR_CODE_HEADER_ONLY -DBOOST_LOG_USE_NATIVE_SYSLOG    -c -o "libs/config/checks/architecture/bin/gcc-12/debug/riscv.o" "libs/config/checks/architecture/riscv.cpp"

...failed gcc.compile.c++ libs/config/checks/architecture/bin/gcc-12/debug/riscv.o...
...failed updating 1 target...
...found 2 targets...
...updating 1 target...
gcc.compile.c++ libs/config/checks/architecture/bin/gcc-12/debug/s390x.o
libs/config/checks/architecture/s390x.cpp:10:2: error: #error "Not S390x"
   10 | #error "Not S390x"
      |  ^~~~~

    "g++"   -fPIC -O0 -fno-inline -Wall -g  -DBOOST_ERROR_CODE_HEADER_ONLY -DBOOST_LOG_USE_NATIVE_SYSLOG    -c -o "libs/config/checks/architecture/bin/gcc-12/debug/s390x.o" "libs/config/checks/architecture/s390x.cpp"

...failed gcc.compile.c++ libs/config/checks/architecture/bin/gcc-12/debug/s390x.o...
...failed updating 1 target...
...found 2 targets...
...updating 1 target...
gcc.compile.c++ libs/config/checks/architecture/bin/gcc-12/debug/sparc.o
libs/config/checks/architecture/sparc.cpp:10:2: error: #error "Not SPARC"
   10 | #error "Not SPARC"
      |  ^~~~~

    "g++"   -fPIC -O0 -fno-inline -Wall -g  -DBOOST_ERROR_CODE_HEADER_ONLY -DBOOST_LOG_USE_NATIVE_SYSLOG    -c -o "libs/config/checks/architecture/bin/gcc-12/debug/sparc.o" "libs/config/checks/architecture/sparc.cpp"

...failed gcc.compile.c++ libs/config/checks/architecture/bin/gcc-12/debug/sparc.o...
...failed updating 1 target...
...found 2 targets...
...updating 1 target...
gcc.compile.c++ libs/config/checks/architecture/bin/gcc-12/debug/x86.o
...updated 1 target...
...found 109 targets...
...updating 9 targets...
gcc.compile.c++ bin.v2/libs/context/build/gcc-12/debug/threading-multi/visibility-hidden/cxx11_hdr_mutex_check.o
...updated 9 targets...
...patience...
...found 142 targets...
...updating 7 targets...
gcc.compile.c++ bin.v2/libs/filesystem/config/gcc-12/debug/threading-multi/visibility-hidden/has_stat_st_mtim.o
libs/filesystem/config/has_stat_st_mtim.cpp: In function ‘int main()’:
libs/filesystem/config/has_stat_st_mtim.cpp:16:17: warning: variable ‘st’ set but not used [-Wunused-but-set-variable]
   16 |     struct stat st;
      |                 ^~
...updated 7 targets...
...found 2 targets...
...updating 1 target...
gcc.compile.c++ bin.v2/libs/filesystem/config/gcc-12/debug/threading-multi/visibility-hidden/has_stat_st_mtimensec.o
libs/filesystem/config/has_stat_st_mtimensec.cpp: In function ‘int main()’:
libs/filesystem/config/has_stat_st_mtimensec.cpp:17:8: error: ‘struct stat’ has no member named ‘st_mtimensec’
   17 |     st.st_mtimensec = 10;
      |        ^~~~~~~~~~~~

    "g++"   -fvisibility-inlines-hidden -fPIC -m64 -pthread -O0 -fno-inline -Wall -g -fvisibility=hidden  -DBOOST_ALL_NO_LIB=1 -DBOOST_ERROR_CODE_HEADER_ONLY -DBOOST_LOG_USE_NATIVE_SYSLOG  -I"." -I"libs/filesystem/src"  -c -o "bin.v2/libs/filesystem/config/gcc-12/debug/threading-multi/visibility-hidden/has_stat_st_mtimensec.o" "libs/filesystem/config/has_stat_st_mtimensec.cpp"

...failed gcc.compile.c++ bin.v2/libs/filesystem/config/gcc-12/debug/threading-multi/visibility-hidden/has_stat_st_mtimensec.o...
...failed updating 1 target...
...found 2 targets...
...updating 1 target...
gcc.compile.c++ bin.v2/libs/filesystem/config/gcc-12/debug/threading-multi/visibility-hidden/has_stat_st_mtimespec.o
libs/filesystem/config/has_stat_st_mtimespec.cpp: In function ‘int main()’:
libs/filesystem/config/has_stat_st_mtimespec.cpp:17:8: error: ‘struct stat’ has no member named ‘st_mtimespec’
   17 |     st.st_mtimespec.tv_nsec = 10;
      |        ^~~~~~~~~~~~

    "g++"   -fvisibility-inlines-hidden -fPIC -m64 -pthread -O0 -fno-inline -Wall -g -fvisibility=hidden  -DBOOST_ALL_NO_LIB=1 -DBOOST_ERROR_CODE_HEADER_ONLY -DBOOST_LOG_USE_NATIVE_SYSLOG  -I"." -I"libs/filesystem/src"  -c -o "bin.v2/libs/filesystem/config/gcc-12/debug/threading-multi/visibility-hidden/has_stat_st_mtimespec.o" "libs/filesystem/config/has_stat_st_mtimespec.cpp"

...failed gcc.compile.c++ bin.v2/libs/filesystem/config/gcc-12/debug/threading-multi/visibility-hidden/has_stat_st_mtimespec.o...
...failed updating 1 target...
...found 2 targets...
...updating 1 target...
gcc.compile.c++ bin.v2/libs/filesystem/config/gcc-12/debug/threading-multi/visibility-hidden/has_stat_st_birthtim.o
libs/filesystem/config/has_stat_st_birthtim.cpp: In function ‘int main()’:
libs/filesystem/config/has_stat_st_birthtim.cpp:17:8: error: ‘struct stat’ has no member named ‘st_birthtim’
   17 |     st.st_birthtim.tv_sec = 1;
      |        ^~~~~~~~~~~
libs/filesystem/config/has_stat_st_birthtim.cpp:18:8: error: ‘struct stat’ has no member named ‘st_birthtim’
   18 |     st.st_birthtim.tv_nsec = 10;
      |        ^~~~~~~~~~~

    "g++"   -fvisibility-inlines-hidden -fPIC -m64 -pthread -O0 -fno-inline -Wall -g -fvisibility=hidden  -DBOOST_ALL_NO_LIB=1 -DBOOST_ERROR_CODE_HEADER_ONLY -DBOOST_LOG_USE_NATIVE_SYSLOG  -I"." -I"libs/filesystem/src"  -c -o "bin.v2/libs/filesystem/config/gcc-12/debug/threading-multi/visibility-hidden/has_stat_st_birthtim.o" "libs/filesystem/config/has_stat_st_birthtim.cpp"

...failed gcc.compile.c++ bin.v2/libs/filesystem/config/gcc-12/debug/threading-multi/visibility-hidden/has_stat_st_birthtim.o...
...failed updating 1 target...
...found 2 targets...
...updating 1 target...
gcc.compile.c++ bin.v2/libs/filesystem/config/gcc-12/debug/threading-multi/visibility-hidden/has_stat_st_birthtimensec.o
libs/filesystem/config/has_stat_st_birthtimensec.cpp: In function ‘int main()’:
libs/filesystem/config/has_stat_st_birthtimensec.cpp:17:8: error: ‘struct stat’ has no member named ‘st_birthtime’
   17 |     st.st_birthtime = 1;
      |        ^~~~~~~~~~~~
libs/filesystem/config/has_stat_st_birthtimensec.cpp:18:8: error: ‘struct stat’ has no member named ‘st_birthtimensec’
   18 |     st.st_birthtimensec = 10;
      |        ^~~~~~~~~~~~~~~~

    "g++"   -fvisibility-inlines-hidden -fPIC -m64 -pthread -O0 -fno-inline -Wall -g -fvisibility=hidden  -DBOOST_ALL_NO_LIB=1 -DBOOST_ERROR_CODE_HEADER_ONLY -DBOOST_LOG_USE_NATIVE_SYSLOG  -I"." -I"libs/filesystem/src"  -c -o "bin.v2/libs/filesystem/config/gcc-12/debug/threading-multi/visibility-hidden/has_stat_st_birthtimensec.o" "libs/filesystem/config/has_stat_st_birthtimensec.cpp"

...failed gcc.compile.c++ bin.v2/libs/filesystem/config/gcc-12/debug/threading-multi/visibility-hidden/has_stat_st_birthtimensec.o...
...failed updating 1 target...
...found 2 targets...
...updating 1 target...
gcc.compile.c++ bin.v2/libs/filesystem/config/gcc-12/debug/threading-multi/visibility-hidden/has_stat_st_birthtimespec.o
libs/filesystem/config/has_stat_st_birthtimespec.cpp: In function ‘int main()’:
libs/filesystem/config/has_stat_st_birthtimespec.cpp:17:8: error: ‘struct stat’ has no member named ‘st_birthtimespec’
   17 |     st.st_birthtimespec.tv_sec = 1;
      |        ^~~~~~~~~~~~~~~~
libs/filesystem/config/has_stat_st_birthtimespec.cpp:18:8: error: ‘struct stat’ has no member named ‘st_birthtimespec’
   18 |     st.st_birthtimespec.tv_nsec = 10;
      |        ^~~~~~~~~~~~~~~~

    "g++"   -fvisibility-inlines-hidden -fPIC -m64 -pthread -O0 -fno-inline -Wall -g -fvisibility=hidden  -DBOOST_ALL_NO_LIB=1 -DBOOST_ERROR_CODE_HEADER_ONLY -DBOOST_LOG_USE_NATIVE_SYSLOG  -I"." -I"libs/filesystem/src"  -c -o "bin.v2/libs/filesystem/config/gcc-12/debug/threading-multi/visibility-hidden/has_stat_st_birthtimespec.o" "libs/filesystem/config/has_stat_st_birthtimespec.cpp"

...failed gcc.compile.c++ bin.v2/libs/filesystem/config/gcc-12/debug/threading-multi/visibility-hidden/has_stat_st_birthtimespec.o...
...failed updating 1 target...
...found 3 targets...
...updating 1 target...
gcc.compile.c++ bin.v2/libs/filesystem/config/gcc-12/debug/threading-multi/visibility-hidden/has_statx.o
libs/filesystem/config/has_statx.cpp: In function ‘int main()’:
libs/filesystem/config/has_statx.cpp:18:9: warning: unused variable ‘res’ [-Wunused-variable]
   18 |     int res = statx(AT_FDCWD, ".", AT_SYMLINK_NOFOLLOW | AT_NO_AUTOMOUNT, STATX_BTIME, &st);
      |         ^~~
...updated 1 target...
...found 4 targets...
...updating 1 target...
gcc.compile.c++ bin.v2/libs/filesystem/config/gcc-12/debug/threading-multi/visibility-hidden/has_statx_syscall.o
libs/filesystem/config/has_statx_syscall.cpp: In function ‘int main()’:
libs/filesystem/config/has_statx_syscall.cpp:27:9: warning: unused variable ‘res’ [-Wunused-variable]
   27 |     int res = syscall(__NR_statx, AT_FDCWD, ".", AT_SYMLINK_NOFOLLOW | AT_NO_AUTOMOUNT, STATX_BTIME, &st);
      |         ^~~
...updated 1 target...
...found 8 targets...
...updating 7 targets...
gcc.compile.c++ bin.v2/libs/config/checks/gcc-12/debug/threading-multi/visibility-hidden/cxx11_auto_declarations.o
...updated 7 targets...
...found 1 target...
...updating 1 target...
gcc.compile.c++ bin.v2/libs/config/checks/gcc-12/debug/threading-multi/visibility-hidden/cxx11_constexpr.o
...updated 1 target...
...found 1 target...
...updating 1 target...
gcc.compile.c++ bin.v2/libs/config/checks/gcc-12/debug/threading-multi/visibility-hidden/cxx11_defaulted_functions.o
...updated 1 target...
...found 1 target...
...updating 1 target...
gcc.compile.c++ bin.v2/libs/config/checks/gcc-12/debug/threading-multi/visibility-hidden/cxx11_final.o
...updated 1 target...
...found 1 target...
...updating 1 target...
gcc.compile.c++ bin.v2/libs/config/checks/gcc-12/debug/threading-multi/visibility-hidden/cxx11_hdr_mutex.o
...updated 1 target...
...found 1 target...
...updating 1 target...
gcc.compile.c++ bin.v2/libs/config/checks/gcc-12/debug/threading-multi/visibility-hidden/cxx11_hdr_tuple.o
...updated 1 target...
...found 1 target...
...updating 1 target...
gcc.compile.c++ bin.v2/libs/config/checks/gcc-12/debug/threading-multi/visibility-hidden/cxx11_lambdas.o
...updated 1 target...
...found 1 target...
...updating 1 target...
gcc.compile.c++ bin.v2/libs/config/checks/gcc-12/debug/threading-multi/visibility-hidden/cxx11_noexcept.o
...updated 1 target...
...found 1 target...
...updating 1 target...
gcc.compile.c++ bin.v2/libs/config/checks/gcc-12/debug/threading-multi/visibility-hidden/cxx11_nullptr.o
...updated 1 target...
...found 1 target...
...updating 1 target...
gcc.compile.c++ bin.v2/libs/config/checks/gcc-12/debug/threading-multi/visibility-hidden/cxx11_rvalue_references.o
...updated 1 target...
...found 1 target...
...updating 1 target...
gcc.compile.c++ bin.v2/libs/config/checks/gcc-12/debug/threading-multi/visibility-hidden/cxx11_template_aliases.o
...updated 1 target...
...found 1 target...
...updating 1 target...
gcc.compile.c++ bin.v2/libs/config/checks/gcc-12/debug/threading-multi/visibility-hidden/cxx11_thread_local.o
...updated 1 target...
...found 1 target...
...updating 1 target...
gcc.compile.c++ bin.v2/libs/config/checks/gcc-12/debug/threading-multi/visibility-hidden/cxx11_variadic_templates.o
...updated 1 target...
...found 1 target...
...updating 1 target...
gcc.compile.c++ bin.v2/libs/config/checks/gcc-12/debug/threading-multi/visibility-hidden/cxx11_alignas.o
...updated 1 target...
...found 1 target...
...updating 1 target...
gcc.compile.c++ bin.v2/libs/config/checks/gcc-12/debug/threading-multi/visibility-hidden/cxx11_decltype.o
...updated 1 target...
...found 192 targets...
...updating 9 targets...
gcc.compile.c++ bin.v2/libs/log/config/atomic-int32/gcc-12/debug/pch-off/threading-multi/visibility-hidden/atomic_int32.o
...updated 9 targets...
...found 9 targets...
...updating 7 targets...
gcc.compile.c++ bin.v2/libs/log/config/native-syslog/gcc-12/debug/pch-off/threading-multi/visibility-hidden/native_syslog.o
...updated 7 targets...
...found 8 targets...
...updating 7 targets...
gcc.compile.c++ bin.v2/libs/log/config/pthread-mutex-robust/gcc-12/debug/pch-off/threading-multi/visibility-hidden/pthread_mutex_robust.o
...updated 7 targets...
...found 9 targets...
...updating 7 targets...
gcc.compile.c++ bin.v2/libs/atomic/config/gcc-12/debug/threading-multi/visibility-hidden/has_sse2.o
...updated 7 targets...
...found 3 targets...
...updating 1 target...
gcc.compile.c++ bin.v2/libs/atomic/config/gcc-12/debug/threading-multi/visibility-hidden/has_sse41.o
...updated 1 target...
...found 24 targets...
...updating 8 targets...
gcc.compile.c++ bin.v2/libs/regex/build/gcc-12/debug/threading-multi/visibility-hidden/has_icu_test.o
libs/regex/build/has_icu_test.cpp:12:10: fatal error: unicode/uversion.h: No such file or directory
   12 | #include <unicode/uversion.h>
      |          ^~~~~~~~~~~~~~~~~~~~
compilation terminated.

    "g++"   -fvisibility-inlines-hidden -fPIC -m64 -pthread -O0 -fno-inline -Wall -g -fvisibility=hidden  -DBOOST_ALL_NO_LIB=1 -DBOOST_ERROR_CODE_HEADER_ONLY -DBOOST_HAS_ICU=1 -DBOOST_LOG_USE_NATIVE_SYSLOG  -I"."  -c -o "bin.v2/libs/regex/build/gcc-12/debug/threading-multi/visibility-hidden/has_icu_test.o" "libs/regex/build/has_icu_test.cpp"

...failed gcc.compile.c++ bin.v2/libs/regex/build/gcc-12/debug/threading-multi/visibility-hidden/has_icu_test.o...
...skipped <pbin.v2/libs/regex/build/gcc-12/debug/threading-multi/visibility-hidden>has_icu for lack of <pbin.v2/libs/regex/build/gcc-12/debug/threading-multi/visibility-hidden>has_icu_test.o...
...failed updating 1 target...
...skipped 1 target...
...updated 6 targets...
...found 11 targets...
...updating 8 targets...
gcc.compile.c++ bin.v2/libs/thread/build/gcc-12/debug/threading-multi/visibility-hidden/has_atomic_flag_lockfree_test.o
gcc.link bin.v2/libs/thread/build/gcc-12/debug/threading-multi/visibility-hidden/has_atomic_flag_lockfree
...updated 8 targets...
...found 9 targets...
...updating 7 targets...
gcc.compile.c++ bin.v2/libs/log/config/x86-ext/gcc-12/debug/pch-off/threading-multi/visibility-hidden/ssse3.o
...updated 7 targets...
...found 3 targets...
...updating 1 target...
gcc.compile.c++ bin.v2/libs/log/config/x86-ext/gcc-12/debug/pch-off/threading-multi/visibility-hidden/avx2.o
...updated 1 target...
...found 1 target...
...updating 1 target...
config-cache.write bin.v2/project-cache.jam
...updated 1 target...
